<?xml version="1.0" encoding="UTF-8"?>
<!-- Generated by org.testng.reporters.JUnitReportReporter -->
<testsuite hostname="LTIN194303" failures="0" tests="12" name="testCases.TestCase" time="-1709271680.000" errors="1" timestamp="2024-03-01T11:12:22 IST" skipped="11">
  <testcase classname="testCases.TestCase" name="openUrl" time="-1709271680.000">
    <error message="
Parameter &#039;os&#039; is required by BeforeClass on method openUrl but has not been marked @Optional or defined
" type="org.testng.TestNGException">
      <![CDATA[org.testng.TestNGException: 
Parameter 'os' is required by BeforeClass on method openUrl but has not been marked @Optional or defined

at org.testng.internal.Parameters.createParams(Parameters.java:267)
at org.testng.internal.Parameters.createParametersForMethod(Parameters.java:355)
at org.testng.internal.Parameters.createParameters(Parameters.java:693)
at org.testng.internal.Parameters.createConfigurationParameters(Parameters.java:166)
at org.testng.internal.invokers.ConfigInvoker.invokeConfigurations(ConfigInvoker.java:306)
at org.testng.internal.invokers.TestMethodWorker.invokeBeforeClassMethods(TestMethodWorker.java:180)
at org.testng.internal.invokers.TestMethodWorker.run(TestMethodWorker.java:122)
at java.base/java.util.ArrayList.forEach(ArrayList.java:1507)
at org.testng.TestRunner.privateRun(TestRunner.java:819)
at org.testng.TestRunner.run(TestRunner.java:619)
at org.testng.SuiteRunner.runTest(SuiteRunner.java:443)
at org.testng.SuiteRunner.runSequentially(SuiteRunner.java:437)
at org.testng.SuiteRunner.privateRun(SuiteRunner.java:397)
at org.testng.SuiteRunner.run(SuiteRunner.java:336)
at org.testng.SuiteRunnerWorker.runSuite(SuiteRunnerWorker.java:52)
at org.testng.SuiteRunnerWorker.run(SuiteRunnerWorker.java:95)
at org.testng.TestNG.runSuitesSequentially(TestNG.java:1301)
at org.testng.TestNG.runSuitesLocally(TestNG.java:1228)
at org.testng.TestNG.runSuites(TestNG.java:1134)
at org.testng.TestNG.run(TestNG.java:1101)
at org.apache.maven.surefire.testng.TestNGExecutor.run(TestNGExecutor.java:155)
at org.apache.maven.surefire.testng.TestNGDirectoryTestSuite.executeMulti(TestNGDirectoryTestSuite.java:169)
at org.apache.maven.surefire.testng.TestNGDirectoryTestSuite.execute(TestNGDirectoryTestSuite.java:88)
at org.apache.maven.surefire.testng.TestNGProvider.invoke(TestNGProvider.java:137)
at org.apache.maven.surefire.booter.ForkedBooter.runSuitesInProcess(ForkedBooter.java:385)
at org.apache.maven.surefire.booter.ForkedBooter.execute(ForkedBooter.java:162)
at org.apache.maven.surefire.booter.ForkedBooter.run(ForkedBooter.java:507)
at org.apache.maven.surefire.booter.ForkedBooter.main(ForkedBooter.java:495)
]]>
    </error>
  </testcase> <!-- openUrl -->
  <testcase classname="testCases.TestCase" name="validatTravelInsunce" time="0.000">
    <skipped/>
  </testcase> <!-- validatTravelInsunce -->
  <testcase classname="testCases.TestCase" name="travelDetails" time="0.000">
    <skipped/>
  </testcase> <!-- travelDetails -->
  <testcase classname="testCases.TestCase" name="studentDataVerify" time="0.000">
    <skipped/>
  </testcase> <!-- studentDataVerify -->
  <testcase classname="testCases.TestCase" name="dataSort" time="0.000">
    <skipped/>
  </testcase> <!-- dataSort -->
  <testcase classname="testCases.TestCase" name="StudentPlanDetails" time="0.000">
    <skipped/>
  </testcase> <!-- StudentPlanDetails -->
  <testcase classname="testCases.TestCase" name="CarInsurenceDetails" time="0.001">
    <skipped/>
  </testcase> <!-- CarInsurenceDetails -->
  <testcase classname="testCases.TestCase" name="errorMessageValidate" time="0.000">
    <skipped/>
  </testcase> <!-- errorMessageValidate -->
  <testcase classname="testCases.TestCase" name="correctDatailValidation" time="0.001">
    <skipped/>
  </testcase> <!-- correctDatailValidation -->
  <testcase classname="testCases.TestCase" name="quotationData" time="0.000">
    <skipped/>
  </testcase> <!-- quotationData -->
  <testcase classname="testCases.TestCase" name="HealthInsurancePlan" time="0.001">
    <skipped/>
  </testcase> <!-- HealthInsurancePlan -->
  <testcase classname="testCases.TestCase" name="allHealthInsurance" time="0.000">
    <skipped/>
  </testcase> <!-- allHealthInsurance -->
</testsuite> <!-- testCases.TestCase -->
