<?xml version="1.0" encoding="UTF-8"?>
<!-- Generated by org.testng.reporters.JUnitXMLReporter -->
<testsuite ignored="0" hostname="LTIN194303" failures="0" tests="11" name="Default test" time="0.257" errors="0" timestamp="2024-02-28T10:02:07 IST">
  <testcase classname="testBase.BaseClass" name="@BeforeClass openUrl" time="-1.709094727398E9">
    <failure type="org.testng.TestNGException" message="
Parameter &amp;apos;os&amp;apos; is required by BeforeClass on method openUrl but has not been marked @Optional or defined
in C:\Users\2304085\AppData\Local\Temp\3\testng-eclipse-637086109\testng-customsuite.xml">
      <![CDATA[org.testng.TestNGException: 
Parameter 'os' is required by BeforeClass on method openUrl but has not been marked @Optional or defined
in C:\Users\2304085\AppData\Local\Temp\3\testng-eclipse-637086109\testng-customsuite.xml
at org.testng.internal.Parameters.createParams(Parameters.java:267)
at org.testng.internal.Parameters.createParametersForMethod(Parameters.java:355)
at org.testng.internal.Parameters.createParameters(Parameters.java:693)
at org.testng.internal.Parameters.createConfigurationParameters(Parameters.java:166)
at org.testng.internal.invokers.ConfigInvoker.invokeConfigurations(ConfigInvoker.java:306)
at org.testng.internal.invokers.TestMethodWorker.invokeBeforeClassMethods(TestMethodWorker.java:180)
at org.testng.internal.invokers.TestMethodWorker.run(TestMethodWorker.java:122)
at java.base/java.util.ArrayList.forEach(ArrayList.java:1511)
at org.testng.TestRunner.privateRun(TestRunner.java:819)
at org.testng.TestRunner.run(TestRunner.java:619)
at org.testng.SuiteRunner.runTest(SuiteRunner.java:443)
at org.testng.SuiteRunner.runSequentially(SuiteRunner.java:437)
at org.testng.SuiteRunner.privateRun(SuiteRunner.java:397)
at org.testng.SuiteRunner.run(SuiteRunner.java:336)
at org.testng.SuiteRunnerWorker.runSuite(SuiteRunnerWorker.java:52)
at org.testng.SuiteRunnerWorker.run(SuiteRunnerWorker.java:95)
at org.testng.TestNG.runSuitesSequentially(TestNG.java:1301)
at org.testng.TestNG.runSuitesLocally(TestNG.java:1228)
at org.testng.TestNG.runSuites(TestNG.java:1134)
at org.testng.TestNG.run(TestNG.java:1101)
at org.testng.remote.AbstractRemoteTestNG.run(AbstractRemoteTestNG.java:115)
at org.testng.remote.RemoteTestNG.initAndRun(RemoteTestNG.java:251)
at org.testng.remote.RemoteTestNG.main(RemoteTestNG.java:77)
]]>
    </failure>
  </testcase> <!-- @BeforeClass openUrl -->
  <testcase classname="testBase.BaseClass" name="@AfterClass closeBowser" time="0.0">
    <skipped/>
  </testcase> <!-- @AfterClass closeBowser -->
  <testcase classname="testCases.TestCase" name="validatTravelInsunce" time="0.0">
    <skipped/>
  </testcase> <!-- validatTravelInsunce -->
  <testcase classname="testCases.TestCase" name="travelDetails" time="0.0">
    <skipped/>
  </testcase> <!-- travelDetails -->
  <testcase classname="testCases.TestCase" name="studentDataVerify" time="0.0">
    <skipped/>
  </testcase> <!-- studentDataVerify -->
  <testcase classname="testCases.TestCase" name="dataSort" time="0.0">
    <skipped/>
  </testcase> <!-- dataSort -->
  <testcase classname="testCases.TestCase" name="StudentPlanDetails" time="0.0">
    <skipped/>
  </testcase> <!-- StudentPlanDetails -->
  <testcase classname="testCases.TestCase" name="CarInsurenceDetails" time="0.0">
    <skipped/>
  </testcase> <!-- CarInsurenceDetails -->
  <testcase classname="testCases.TestCase" name="errorMessageValidate" time="0.0">
    <skipped/>
  </testcase> <!-- errorMessageValidate -->
  <testcase classname="testCases.TestCase" name="correctDatailValidation" time="0.001">
    <skipped/>
  </testcase> <!-- correctDatailValidation -->
  <testcase classname="testCases.TestCase" name="quotationData" time="0.0">
    <skipped/>
  </testcase> <!-- quotationData -->
  <testcase classname="testCases.TestCase" name="HealthInsurancePlan" time="0.001">
    <skipped/>
  </testcase> <!-- HealthInsurancePlan -->
  <testcase classname="testCases.TestCase" name="allHealthInsurance" time="0.0">
    <skipped/>
  </testcase> <!-- allHealthInsurance -->
</testsuite> <!-- Default test -->
