<?xml version="1.0" encoding="UTF-8"?>
<!-- Generated by org.testng.reporters.JUnitXMLReporter -->
<testsuite ignored="0" hostname="LTIN194303" failures="0" tests="11" name="Surefire test" time="0.213" errors="0" timestamp="2024-03-01T11:12:21 IST">
  <testcase classname="testBase.BaseClass" name="@BeforeClass openUrl" time="-1.709271741636E9">
    <failure type="org.testng.TestNGException" message="
Parameter &amp;apos;os&amp;apos; is required by BeforeClass on method openUrl but has not been marked @Optional or defined
">
      <![CDATA[org.testng.TestNGException: 
Parameter 'os' is required by BeforeClass on method openUrl but has not been marked @Optional or defined

at java.base/java.util.ArrayList.forEach(ArrayList.java:1507)
... Removed 27 stack frames]]>
    </failure>
  </testcase> <!-- @BeforeClass openUrl -->
  <testcase classname="testBase.BaseClass" name="@AfterClass closeBowser" time="0.0">
    <skipped/>
  </testcase> <!-- @AfterClass closeBowser -->
  <testcase classname="testCases.TestCase" name="validatTravelInsunce" time="0.0">
    <skipped/>
  </testcase> <!-- validatTravelInsunce -->
  <testcase classname="testCases.TestCase" name="travelDetails" time="0.0">
    <skipped/>
  </testcase> <!-- travelDetails -->
  <testcase classname="testCases.TestCase" name="studentDataVerify" time="0.0">
    <skipped/>
  </testcase> <!-- studentDataVerify -->
  <testcase classname="testCases.TestCase" name="dataSort" time="0.0">
    <skipped/>
  </testcase> <!-- dataSort -->
  <testcase classname="testCases.TestCase" name="StudentPlanDetails" time="0.0">
    <skipped/>
  </testcase> <!-- StudentPlanDetails -->
  <testcase classname="testCases.TestCase" name="CarInsurenceDetails" time="0.001">
    <skipped/>
  </testcase> <!-- CarInsurenceDetails -->
  <testcase classname="testCases.TestCase" name="errorMessageValidate" time="0.0">
    <skipped/>
  </testcase> <!-- errorMessageValidate -->
  <testcase classname="testCases.TestCase" name="correctDatailValidation" time="0.001">
    <skipped/>
  </testcase> <!-- correctDatailValidation -->
  <testcase classname="testCases.TestCase" name="quotationData" time="0.0">
    <skipped/>
  </testcase> <!-- quotationData -->
  <testcase classname="testCases.TestCase" name="HealthInsurancePlan" time="0.001">
    <skipped/>
  </testcase> <!-- HealthInsurancePlan -->
  <testcase classname="testCases.TestCase" name="allHealthInsurance" time="0.0">
    <skipped/>
  </testcase> <!-- allHealthInsurance -->
</testsuite> <!-- Surefire test -->
